-------ADD COMMENTS-------
-------COMMIT COMMENTS-------
[master 4bc82f9] Auto-commit at Wed-Dec-18-07:21:00-UTC-2019
 Committer: EC2 Default User <ec2-user@ip-172-31-25-31.us-west-2.compute.internal>
Your name and email address were configured automatically based
on your username and hostname. Please check that they are accurate.
You can suppress this message by setting them explicitly. Run the
following command and follow the instructions in your editor to edit
your configuration file:

    git config --global --edit

After doing this, you may fix the identity used for this commit with:

    git commit --amend --reset-author

 6 files changed, 20 insertions(+)
 create mode 100644 log/Wed-Dec-18-07:17:01-UTC-2019.log
 create mode 100644 log/Wed-Dec-18-07:18:01-UTC-2019.log
 create mode 100644 log/Wed-Dec-18-07:19:01-UTC-2019.log
 create mode 100644 log/Wed-Dec-18-07:20:01-UTC-2019.log
 create mode 100644 log/Wed-Dec-18-07:21:00-UTC-2019.log
-------PUSH COMMENTS-------
Branch master set up to track remote branch master from https://cleouser60:Hellouser.123@github.com/cleouser60/testrepo.git.
